c:\users\lee\desktop\stappp-master\src\build\stap++.dir\debug\vc143.pdb
c:\users\lee\desktop\stappp-master\src\build\stap++.dir\debug\main.obj
c:\users\lee\desktop\stappp-master\src\build\stap++.dir\debug\solver.obj
c:\users\lee\desktop\stappp-master\src\build\stap++.dir\debug\q4.obj
c:\users\lee\desktop\stappp-master\src\build\stap++.dir\debug\outputter.obj
c:\users\lee\desktop\stappp-master\src\build\stap++.dir\debug\node.obj
c:\users\lee\desktop\stappp-master\src\build\stap++.dir\debug\material.obj
c:\users\lee\desktop\stappp-master\src\build\stap++.dir\debug\loadcasedata.obj
c:\users\lee\desktop\stappp-master\src\build\stap++.dir\debug\elementgroup.obj
c:\users\lee\desktop\stappp-master\src\build\stap++.dir\debug\domain.obj
c:\users\lee\desktop\stappp-master\src\build\stap++.dir\debug\clock.obj
c:\users\lee\desktop\stappp-master\src\build\stap++.dir\debug\bar.obj
c:\users\lee\desktop\stappp-master\src\build\stap++.dir\debug\gaussintegral.obj
c:\users\lee\desktop\stappp-master\src\build\cmakefiles\generate.stamp
c:\users\lee\desktop\stappp-master\src\build\debug\stap++.exe
c:\users\lee\desktop\stappp-master\src\build\debug\stap++.pdb
c:\users\lee\desktop\stappp-master\src\build\stap++.dir\debug\stap++.ilk
c:\users\lee\desktop\stappp-master\src\build\stap++.dir\debug\stap++.tlog\cl.command.1.tlog
c:\users\lee\desktop\stappp-master\src\build\stap++.dir\debug\stap++.tlog\cl.items.tlog
c:\users\lee\desktop\stappp-master\src\build\stap++.dir\debug\stap++.tlog\cl.read.1.tlog
c:\users\lee\desktop\stappp-master\src\build\stap++.dir\debug\stap++.tlog\cl.write.1.tlog
c:\users\lee\desktop\stappp-master\src\build\stap++.dir\debug\stap++.tlog\custombuild.command.1.tlog
c:\users\lee\desktop\stappp-master\src\build\stap++.dir\debug\stap++.tlog\custombuild.read.1.tlog
c:\users\lee\desktop\stappp-master\src\build\stap++.dir\debug\stap++.tlog\custombuild.write.1.tlog
c:\users\lee\desktop\stappp-master\src\build\stap++.dir\debug\stap++.tlog\link.command.1.tlog
c:\users\lee\desktop\stappp-master\src\build\stap++.dir\debug\stap++.tlog\link.read.1.tlog
c:\users\lee\desktop\stappp-master\src\build\stap++.dir\debug\stap++.tlog\link.secondary.1.tlog
c:\users\lee\desktop\stappp-master\src\build\stap++.dir\debug\stap++.tlog\link.write.1.tlog
